app/build/intermediates/manifest_merge_blame_file/debug/manifest-merger-blame-debug-report.txt
1<?xml version="1.0" encoding="utf-8"?>
2<manifest xmlns:android="http://schemas.android.com/apk/res/android"
3    package="com.incorcadit16.criminalintent"
4    android:versionCode="1"
5    android:versionName="1.0" >
6
7    <uses-sdk
8        android:minSdkVersion="19"
8-->src\main\AndroidManifest.xml
9        android:targetSdkVersion="27" />
9-->src\main\AndroidManifest.xml
10
11    <uses-feature
11-->src\main\AndroidManifest.xml:5:5-6:47
12        android:name="android.hardware.camera"
12-->src\main\AndroidManifest.xml:5:19-57
13        android:required="false" />
13-->src\main\AndroidManifest.xml:6:21-45
14
15    <application
15-->src\main\AndroidManifest.xml:8:5-34:19
16        android:allowBackup="true"
16-->src\main\AndroidManifest.xml:9:9-35
17        android:debuggable="true"
18        android:icon="@mipmap/ic_launcher"
18-->src\main\AndroidManifest.xml:10:9-43
19        android:label="@string/app_name"
19-->src\main\AndroidManifest.xml:11:9-41
20        android:roundIcon="@mipmap/ic_launcher_round"
20-->src\main\AndroidManifest.xml:12:9-54
21        android:supportsRtl="true"
21-->src\main\AndroidManifest.xml:13:9-35
22        android:theme="@style/AppTheme" >
22-->src\main\AndroidManifest.xml:14:9-40
23        <activity android:name="com.incorcadit16.criminalintent.CrimeListActivity" >
23-->src\main\AndroidManifest.xml:15:9-21:20
23-->src\main\AndroidManifest.xml:15:19-52
24            <intent-filter>
24-->src\main\AndroidManifest.xml:16:13-20:29
25                <action android:name="android.intent.action.MAIN" />
25-->src\main\AndroidManifest.xml:17:17-69
25-->src\main\AndroidManifest.xml:17:25-66
26
27                <category android:name="android.intent.category.LAUNCHER" />
27-->src\main\AndroidManifest.xml:19:17-77
27-->src\main\AndroidManifest.xml:19:27-74
28            </intent-filter>
29        </activity>
30        <activity
30-->src\main\AndroidManifest.xml:22:9-24:62
31            android:name="com.incorcadit16.criminalintent.CrimePagerActivity"
31-->src\main\AndroidManifest.xml:23:13-47
32            android:parentActivityName="com.incorcadit16.criminalintent.CrimeListActivity" />
32-->src\main\AndroidManifest.xml:24:13-60
33
34        <provider
34-->src\main\AndroidManifest.xml:25:9-33:20
35            android:name="android.support.v4.content.FileProvider"
35-->src\main\AndroidManifest.xml:27:13-67
36            android:authorities="com.incorcadit16.criminalintent.fileprovider"
36-->src\main\AndroidManifest.xml:26:13-79
37            android:exported="false"
37-->src\main\AndroidManifest.xml:28:13-37
38            android:grantUriPermissions="true" >
38-->src\main\AndroidManifest.xml:29:13-47
39            <meta-data
39-->src\main\AndroidManifest.xml:30:13-32:48
40                android:name="android.support.FILE_PROVIDER_PATHS"
40-->src\main\AndroidManifest.xml:31:17-67
41                android:resource="@xml/files" />
41-->src\main\AndroidManifest.xml:32:17-46
42        </provider>
43    </application>
44
45</manifest>